# JRE version: Java(TM) SE Runtime Environment (8.0_111-b14) (build 1.8.0_111-b14)
# Java VM: Java HotSpot(TM) 64-Bit Server VM (25.111-b14 mixed mode windows-amd64 compressed oops)
Heap:
 PSYoungGen      total 276480K, used 60395K [0x00000000d5d80000, 0x00000000ebc00000, 0x0000000100000000)
  eden space 262656K, 22% used [0x00000000d5d80000,0x00000000d987af40,0x00000000e5e00000)
  from space 13824K, 0% used [0x00000000eae80000,0x00000000eae80000,0x00000000ebc00000)
  to   space 9728K, 0% used [0x00000000e5e00000,0x00000000e5e00000,0x00000000e6780000)
 ParOldGen       total 65536K, used 12985K [0x0000000081800000, 0x0000000085800000, 0x00000000d5d80000)
  object space 65536K, 19% used [0x0000000081800000,0x00000000824ae4d8,0x0000000085800000)
 Metaspace       used 37551K, capacity 39700K, committed 39808K, reserved 1083392K
  class space    used 5064K, capacity 5472K, committed 5504K, reserved 1048576K
GC Heap History (10 events):
Event: 9.486 GC heap before
{Heap before GC invocations=8 (full 1):
 PSYoungGen      total 141312K, used 4659K [0x00000000d5d80000, 0x00000000e7180000, 0x0000000100000000)
  eden space 132096K, 0% used [0x00000000d5d80000,0x00000000d5d80000,0x00000000dde80000)
  from space 9216K, 50% used [0x00000000dde80000,0x00000000de30cc70,0x00000000de780000)
  to   space 9216K, 0% used [0x00000000e6880000,0x00000000e6880000,0x00000000e7180000)
 ParOldGen       total 87552K, used 5846K [0x0000000081800000, 0x0000000086d80000, 0x00000000d5d80000)
  object space 87552K, 6% used [0x0000000081800000,0x0000000081db58b0,0x0000000086d80000)
 Metaspace       used 20305K, capacity 21266K, committed 21296K, reserved 1067008K
  class space    used 2690K, capacity 2916K, committed 2944K, reserved 1048576K
Event: 9.555 GC heap after
Heap after GC invocations=8 (full 1):
 PSYoungGen      total 141312K, used 0K [0x00000000d5d80000, 0x00000000e7180000, 0x0000000100000000)
  eden space 132096K, 0% used [0x00000000d5d80000,0x00000000d5d80000,0x00000000dde80000)
  from space 9216K, 0% used [0x00000000dde80000,0x00000000dde80000,0x00000000de780000)
  to   space 9216K, 0% used [0x00000000e6880000,0x00000000e6880000,0x00000000e7180000)
 ParOldGen       total 50176K, used 6598K [0x0000000081800000, 0x0000000084900000, 0x00000000d5d80000)
  object space 50176K, 13% used [0x0000000081800000,0x0000000081e71bc0,0x0000000084900000)
 Metaspace       used 20305K, capacity 21266K, committed 21296K, reserved 1067008K
  class space    used 2690K, capacity 2916K, committed 2944K, reserved 1048576K
}
Event: 11.938 GC heap before
{Heap before GC invocations=9 (full 1):
 PSYoungGen      total 141312K, used 132096K [0x00000000d5d80000, 0x00000000e7180000, 0x0000000100000000)
  eden space 132096K, 100% used [0x00000000d5d80000,0x00000000dde80000,0x00000000dde80000)
  from space 9216K, 0% used [0x00000000dde80000,0x00000000dde80000,0x00000000de780000)
  to   space 9216K, 0% used [0x00000000e6880000,0x00000000e6880000,0x00000000e7180000)
 ParOldGen       total 50176K, used 6598K [0x0000000081800000, 0x0000000084900000, 0x00000000d5d80000)
  object space 50176K, 13% used [0x0000000081800000,0x0000000081e71bc0,0x0000000084900000)
 Metaspace       used 25249K, capacity 26392K, committed 26624K, reserved 1073152K
  class space    used 3262K, capacity 3502K, committed 3584K, reserved 1048576K
Event: 11.950 GC heap after
Heap after GC invocations=9 (full 1):
 PSYoungGen      total 240128K, used 8306K [0x00000000d5d80000, 0x00000000e7100000, 0x0000000100000000)
  eden space 231424K, 0% used [0x00000000d5d80000,0x00000000d5d80000,0x00000000e3f80000)
  from space 8704K, 95% used [0x00000000e6880000,0x00000000e709cae0,0x00000000e7100000)
  to   space 9728K, 0% used [0x00000000e5e00000,0x00000000e5e00000,0x00000000e6780000)
 ParOldGen       total 50176K, used 6606K [0x0000000081800000, 0x0000000084900000, 0x00000000d5d80000)
  object space 50176K, 13% used [0x0000000081800000,0x0000000081e73bc0,0x0000000084900000)
 Metaspace       used 25249K, capacity 26392K, committed 26624K, reserved 1073152K
  class space    used 3262K, capacity 3502K, committed 3584K, reserved 1048576K
}
Event: 16.402 GC heap before
{Heap before GC invocations=10 (full 1):
 PSYoungGen      total 240128K, used 239730K [0x00000000d5d80000, 0x00000000e7100000, 0x0000000100000000)
  eden space 231424K, 100% used [0x00000000d5d80000,0x00000000e3f80000,0x00000000e3f80000)
  from space 8704K, 95% used [0x00000000e6880000,0x00000000e709cae0,0x00000000e7100000)
  to   space 9728K, 0% used [0x00000000e5e00000,0x00000000e5e00000,0x00000000e6780000)
 ParOldGen       total 50176K, used 6606K [0x0000000081800000, 0x0000000084900000, 0x00000000d5d80000)
  object space 50176K, 13% used [0x0000000081800000,0x0000000081e73bc0,0x0000000084900000)
 Metaspace       used 33388K, capacity 35108K, committed 35328K, reserved 1079296K
  class space    used 4385K, capacity 4750K, committed 4864K, reserved 1048576K
Event: 16.437 GC heap after
Heap after GC invocations=10 (full 1):
 PSYoungGen      total 272384K, used 9712K [0x00000000d5d80000, 0x00000000ebc00000, 0x0000000100000000)
  eden space 262656K, 0% used [0x00000000d5d80000,0x00000000d5d80000,0x00000000e5e00000)
  from space 9728K, 99% used [0x00000000e5e00000,0x00000000e677c268,0x00000000e6780000)
  to   space 13824K, 0% used [0x00000000eae80000,0x00000000eae80000,0x00000000ebc00000)
 ParOldGen       total 50176K, used 13663K [0x0000000081800000, 0x0000000084900000, 0x00000000d5d80000)
  object space 50176K, 27% used [0x0000000081800000,0x0000000082557c38,0x0000000084900000)
 Metaspace       used 33388K, capacity 35108K, committed 35328K, reserved 1079296K
  class space    used 4385K, capacity 4750K, committed 4864K, reserved 1048576K
}
Event: 16.577 GC heap before
{Heap before GC invocations=11 (full 1):
 PSYoungGen      total 272384K, used 17705K [0x00000000d5d80000, 0x00000000ebc00000, 0x0000000100000000)
  eden space 262656K, 3% used [0x00000000d5d80000,0x00000000d654e218,0x00000000e5e00000)
  from space 9728K, 99% used [0x00000000e5e00000,0x00000000e677c268,0x00000000e6780000)
  to   space 13824K, 0% used [0x00000000eae80000,0x00000000eae80000,0x00000000ebc00000)
 ParOldGen       total 50176K, used 13663K [0x0000000081800000, 0x0000000084900000, 0x00000000d5d80000)
  object space 50176K, 27% used [0x0000000081800000,0x0000000082557c38,0x0000000084900000)
 Metaspace       used 33764K, capacity 35466K, committed 35496K, reserved 1079296K
  class space    used 4477K, capacity 4849K, committed 4864K, reserved 1048576K
Event: 16.617 GC heap after
Heap after GC invocations=11 (full 1):
 PSYoungGen      total 276480K, used 6048K [0x00000000d5d80000, 0x00000000ebc00000, 0x0000000100000000)
  eden space 262656K, 0% used [0x00000000d5d80000,0x00000000d5d80000,0x00000000e5e00000)
  from space 13824K, 43% used [0x00000000eae80000,0x00000000eb468000,0x00000000ebc00000)
  to   space 9728K, 0% used [0x00000000e5e00000,0x00000000e5e00000,0x00000000e6780000)
 ParOldGen       total 50176K, used 16279K [0x0000000081800000, 0x0000000084900000, 0x00000000d5d80000)
  object space 50176K, 32% used [0x0000000081800000,0x00000000827e5e08,0x0000000084900000)
 Metaspace       used 33764K, capacity 35466K, committed 35496K, reserved 1079296K
  class space    used 4477K, capacity 4849K, committed 4864K, reserved 1048576K
}
Event: 16.617 GC heap before
{Heap before GC invocations=12 (full 2):
 PSYoungGen      total 276480K, used 6048K [0x00000000d5d80000, 0x00000000ebc00000, 0x0000000100000000)
  eden space 262656K, 0% used [0x00000000d5d80000,0x00000000d5d80000,0x00000000e5e00000)
  from space 13824K, 43% used [0x00000000eae80000,0x00000000eb468000,0x00000000ebc00000)
  to   space 9728K, 0% used [0x00000000e5e00000,0x00000000e5e00000,0x00000000e6780000)
 ParOldGen       total 50176K, used 16279K [0x0000000081800000, 0x0000000084900000, 0x00000000d5d80000)
  object space 50176K, 32% used [0x0000000081800000,0x00000000827e5e08,0x0000000084900000)
 Metaspace       used 33764K, capacity 35466K, committed 35496K, reserved 1079296K
  class space    used 4477K, capacity 4849K, committed 4864K, reserved 1048576K
Event: 16.755 GC heap after
Heap after GC invocations=12 (full 2):
 PSYoungGen      total 276480K, used 0K [0x00000000d5d80000, 0x00000000ebc00000, 0x0000000100000000)
  eden space 262656K, 0% used [0x00000000d5d80000,0x00000000d5d80000,0x00000000e5e00000)
  from space 13824K, 0% used [0x00000000eae80000,0x00000000eae80000,0x00000000ebc00000)
  to   space 9728K, 0% used [0x00000000e5e00000,0x00000000e5e00000,0x00000000e6780000)
 ParOldGen       total 65536K, used 12985K [0x0000000081800000, 0x0000000085800000, 0x00000000d5d80000)
  object space 65536K, 19% used [0x0000000081800000,0x00000000824ae4d8,0x0000000085800000)
 Metaspace       used 33764K, capacity 35466K, committed 35496K, reserved 1079296K
  class space    used 4477K, capacity 4849K, committed 4864K, reserved 1048576K
}

